build/app/intermediates/manifest_merge_blame_file/release/manifest-merger-blame-release-report.txt
1<?xml version="1.0" encoding="utf-8"?>
2<manifest xmlns:android="http://schemas.android.com/apk/res/android"
3    package="com.teletype.truckchat"
4    android:versionCode="2"
5    android:versionName="2.0.1" >
6
7    <uses-sdk
8        android:minSdkVersion="21"
8-->src/main/AndroidManifest.xml
9        android:targetSdkVersion="33" />
9-->src/main/AndroidManifest.xml
10
11    <uses-permission android:name="android.permission.INTERNET" />
11-->src/main/AndroidManifest.xml:3:1-63
11-->src/main/AndroidManifest.xml:3:18-60
12    <uses-permission android:name="android.permission.VIBRATE" />
12-->src/main/AndroidManifest.xml:4:1-62
12-->src/main/AndroidManifest.xml:4:18-59
13    <uses-permission android:name="android.permission.FOREGROUND_SERVICE" />
13-->src/main/AndroidManifest.xml:5:1-73
13-->src/main/AndroidManifest.xml:5:18-70
14    <uses-permission android:name="android.permission.ACCESS_BACKGROUND_LOCATION" />
14-->src/main/AndroidManifest.xml:6:5-84
14-->src/main/AndroidManifest.xml:6:22-82
15    <uses-permission android:name="android.permission.RECORD_AUDIO" />
15-->src/main/AndroidManifest.xml:7:5-71
15-->src/main/AndroidManifest.xml:7:22-68
16    <uses-permission android:name="android.permission.CAMERA" />
16-->src/main/AndroidManifest.xml:8:1-61
16-->src/main/AndroidManifest.xml:8:18-58
17    <uses-permission android:name="android.permission.WRITE_EXTERNAL_STORAGE" />
17-->src/main/AndroidManifest.xml:9:1-77
17-->src/main/AndroidManifest.xml:9:18-74
18    <uses-permission android:name="android.permission.READ_EXTERNAL_STORAGE" />
18-->src/main/AndroidManifest.xml:10:1-76
18-->src/main/AndroidManifest.xml:10:18-73
19    <uses-permission android:name="android.permission.ACCESS_FINE_LOCATION" />
19-->src/main/AndroidManifest.xml:11:1-75
19-->src/main/AndroidManifest.xml:11:18-72
20    <uses-permission android:name="android.permission.ACCESS_COARSE_LOCATION" />
20-->src/main/AndroidManifest.xml:12:1-77
20-->src/main/AndroidManifest.xml:12:18-74
21    <uses-permission android:name="android.permission.BLUETOOTH" />
21-->src/main/AndroidManifest.xml:13:3-66
21-->src/main/AndroidManifest.xml:13:20-63
22    <uses-permission android:name="android.permission.BLUETOOTH_ADMIN" />
22-->src/main/AndroidManifest.xml:14:5-74
22-->src/main/AndroidManifest.xml:14:22-71
23    <uses-permission android:name="android.permission.BLUETOOTH_CONNECT" />
23-->src/main/AndroidManifest.xml:15:5-76
23-->src/main/AndroidManifest.xml:15:22-73
24    <uses-permission android:name="android.permission.WAKE_LOCK" />
24-->[:firebase_messaging] AndroidManifest.xml:10:5-68
24-->[:firebase_messaging] AndroidManifest.xml:10:22-65
25    <uses-permission android:name="android.permission.ACCESS_NETWORK_STATE" /> <!-- Permissions options for the `notification` group -->
25-->[:firebase_messaging] AndroidManifest.xml:11:5-79
25-->[:firebase_messaging] AndroidManifest.xml:11:22-76
26    <uses-permission android:name="android.permission.POST_NOTIFICATIONS" />
26-->[:firebase_messaging] AndroidManifest.xml:13:5-77
26-->[:firebase_messaging] AndroidManifest.xml:13:22-74
27    <uses-permission android:name="android.permission.RECEIVE_BOOT_COMPLETED" />
27-->[:flutter_local_notifications] AndroidManifest.xml:9:5-81
27-->[:flutter_local_notifications] AndroidManifest.xml:9:22-78
28    <uses-permission android:name="android.permission.USE_FULL_SCREEN_INTENT" />
28-->[:flutter_local_notifications] AndroidManifest.xml:11:5-81
28-->[:flutter_local_notifications] AndroidManifest.xml:11:22-78
29    <uses-permission android:name="android.permission.SCHEDULE_EXACT_ALARM" />
29-->[:flutter_local_notifications] AndroidManifest.xml:12:5-79
29-->[:flutter_local_notifications] AndroidManifest.xml:12:22-76
30
31    <queries>
31-->[:flutter_inappwebview] AndroidManifest.xml:9:5-13:15
32        <intent>
32-->[:flutter_inappwebview] AndroidManifest.xml:10:9-12:18
33            <action android:name="android.support.customtabs.action.CustomTabsService" />
33-->[:flutter_inappwebview] AndroidManifest.xml:11:13-90
33-->[:flutter_inappwebview] AndroidManifest.xml:11:21-87
34        </intent>
35        <!-- For browser content -->
36        <intent>
36-->[com.google.android.gms:play-services-ads-lite:22.0.0] AndroidManifest.xml:35:9-41:18
37            <action android:name="android.intent.action.VIEW" />
37-->[com.google.firebase:firebase-auth:22.1.0] AndroidManifest.xml:36:17-69
37-->[com.google.firebase:firebase-auth:22.1.0] AndroidManifest.xml:36:25-66
38
39            <category android:name="android.intent.category.BROWSABLE" />
39-->[com.google.firebase:firebase-auth:22.1.0] AndroidManifest.xml:39:17-78
39-->[com.google.firebase:firebase-auth:22.1.0] AndroidManifest.xml:39:27-75
40
41            <data android:scheme="https" />
41-->[com.google.firebase:firebase-auth:22.1.0] AndroidManifest.xml:41:17-44:51
41-->[com.google.firebase:firebase-auth:22.1.0] AndroidManifest.xml:44:21-48
42        </intent>
43    </queries> <!-- Required by older versions of Google Play services to create IID tokens -->
44    <uses-permission android:name="com.google.android.c2dm.permission.RECEIVE" />
44-->[com.google.firebase:firebase-iid:21.1.0] AndroidManifest.xml:26:5-82
44-->[com.google.firebase:firebase-iid:21.1.0] AndroidManifest.xml:26:22-79
45    <uses-permission android:name="com.google.android.gms.permission.AD_ID" />
45-->[com.google.android.gms:play-services-measurement-api:21.3.0] AndroidManifest.xml:25:5-79
45-->[com.google.android.gms:play-services-measurement-api:21.3.0] AndroidManifest.xml:25:22-76
46    <uses-permission android:name="com.google.android.finsky.permission.BIND_GET_INSTALL_REFERRER_SERVICE" />
46-->[com.google.android.gms:play-services-measurement:21.3.0] AndroidManifest.xml:26:5-110
46-->[com.google.android.gms:play-services-measurement:21.3.0] AndroidManifest.xml:26:22-107
47
48    <permission
48-->[androidx.core:core:1.10.1] AndroidManifest.xml:22:5-24:47
49        android:name="com.teletype.truckchat.DYNAMIC_RECEIVER_NOT_EXPORTED_PERMISSION"
49-->[androidx.core:core:1.10.1] AndroidManifest.xml:23:9-81
50        android:protectionLevel="signature" />
50-->[androidx.core:core:1.10.1] AndroidManifest.xml:24:9-44
51
52    <uses-permission android:name="com.teletype.truckchat.DYNAMIC_RECEIVER_NOT_EXPORTED_PERMISSION" />
52-->[androidx.core:core:1.10.1] AndroidManifest.xml:26:5-97
52-->[androidx.core:core:1.10.1] AndroidManifest.xml:26:22-94
53
54    <application
55        android:name="android.app.Application"
55-->src/main/AndroidManifest.xml:19:9-42
56        android:appComponentFactory="androidx.core.app.CoreComponentFactory"
56-->[androidx.core:core:1.10.1] AndroidManifest.xml:28:18-86
57        android:icon="@mipmap/ic_launcher"
57-->src/main/AndroidManifest.xml:23:9-43
58        android:label="Truck Chat"
58-->src/main/AndroidManifest.xml:18:9-35
59        android:requestLegacyExternalStorage="true"
59-->src/main/AndroidManifest.xml:21:11-54
60        android:usesCleartextTraffic="true" >
60-->src/main/AndroidManifest.xml:20:9-44
61        <activity
61-->src/main/AndroidManifest.xml:24:9-48:20
62            android:name="com.teletype.truckchat.MainActivity"
62-->src/main/AndroidManifest.xml:25:13-41
63            android:configChanges="orientation|keyboardHidden|keyboard|screenSize|smallestScreenSize|locale|layoutDirection|fontScale|screenLayout|density|uiMode"
63-->src/main/AndroidManifest.xml:29:13-163
64            android:exported="true"
64-->src/main/AndroidManifest.xml:26:13-36
65            android:hardwareAccelerated="true"
65-->src/main/AndroidManifest.xml:30:13-47
66            android:launchMode="singleTop"
66-->src/main/AndroidManifest.xml:27:13-43
67            android:theme="@style/LaunchTheme"
67-->src/main/AndroidManifest.xml:28:13-47
68            android:windowSoftInputMode="adjustResize" >
68-->src/main/AndroidManifest.xml:31:13-55
69
70            <!--
71                 Specifies an Android theme to apply to this Activity as soon as
72                 the Android process has started. This theme is visible to the user
73                 while the Flutter UI initializes. After that, this theme continues
74                 to determine the Window background behind the Flutter UI.
75            -->
76            <meta-data
76-->src/main/AndroidManifest.xml:36:13-39:17
77                android:name="io.flutter.embedding.android.NormalTheme"
77-->src/main/AndroidManifest.xml:37:15-70
78                android:resource="@style/NormalTheme" />
78-->src/main/AndroidManifest.xml:38:15-52
79
80            <intent-filter>
80-->src/main/AndroidManifest.xml:40:13-43:29
81                <action android:name="android.intent.action.MAIN" />
81-->src/main/AndroidManifest.xml:41:17-68
81-->src/main/AndroidManifest.xml:41:25-66
82
83                <category android:name="android.intent.category.LAUNCHER" />
83-->src/main/AndroidManifest.xml:42:17-76
83-->src/main/AndroidManifest.xml:42:27-74
84            </intent-filter>
85            <intent-filter>
85-->src/main/AndroidManifest.xml:44:16-47:29
86                <action android:name="FLUTTER_NOTIFICATION_CLICK" />
86-->src/main/AndroidManifest.xml:45:17-69
86-->src/main/AndroidManifest.xml:45:25-66
87
88                <category android:name="android.intent.category.DEFAULT" />
88-->src/main/AndroidManifest.xml:46:17-76
88-->src/main/AndroidManifest.xml:46:27-73
89            </intent-filter>
90        </activity>
91        <!--
92            <meta-data
93           android:name="com.dexterous.flutterlocalnotifications.smallIcon"
94           android:resource="@drawable/app_icon_foreground" />
95        -->
96        <meta-data
96-->src/main/AndroidManifest.xml:52:12-54:46
97            android:name="com.google.firebase.messaging.default_notification_icon"
97-->src/main/AndroidManifest.xml:53:5-75
98            android:resource="@mipmap/ic_launcher" />
98-->src/main/AndroidManifest.xml:54:5-43
99
100        <!--
101             Don't delete the meta-data below.
102             This is used by the Flutter tool to generate GeneratedPluginRegistrant.java
103        -->
104        <meta-data
104-->src/main/AndroidManifest.xml:58:9-60:33
105            android:name="flutterEmbedding"
105-->src/main/AndroidManifest.xml:59:13-44
106            android:value="2" />
106-->src/main/AndroidManifest.xml:60:13-30
107        <meta-data
107-->src/main/AndroidManifest.xml:62:14-64:63
108            android:name="com.google.android.gms.ads.APPLICATION_ID"
108-->src/main/AndroidManifest.xml:63:7-63
109            android:value="ca-app-pub-7181343877669077~4700650074" />
109-->src/main/AndroidManifest.xml:64:7-61
110        <meta-data
110-->src/main/AndroidManifest.xml:65:1-67:45
111            android:name="com.google.firebase.messaging.default_notification_channel_id"
111-->src/main/AndroidManifest.xml:66:3-79
112            android:value="tone_and_vibrate_channel" />
112-->src/main/AndroidManifest.xml:67:3-43
113
114        <!-- ca-app-pub-3940256099942544~3347511713 -->
115
116
117        <!-- ca-app-pub-7181343877669077~7476370948 -->
118
119
120        <!-- working app id ca-app-pub-7181343877669077~1517092948 -->
121
122        <service
122-->[:firebase_database] AndroidManifest.xml:10:9-14:19
123            android:name="com.google.firebase.components.ComponentDiscoveryService"
123-->[:firebase_database] AndroidManifest.xml:10:18-89
124            android:directBootAware="true"
124-->[com.google.firebase:firebase-common:20.3.3] AndroidManifest.xml:34:13-43
125            android:exported="false" >
125-->[com.google.firebase:firebase-analytics-ktx:21.3.0] AndroidManifest.xml:10:13-37
126            <meta-data
126-->[:firebase_database] AndroidManifest.xml:11:13-13:85
127                android:name="com.google.firebase.components:io.flutter.plugins.firebase.database.FlutterFirebaseAppRegistrar"
127-->[:firebase_database] AndroidManifest.xml:12:17-127
128                android:value="com.google.firebase.components.ComponentRegistrar" />
128-->[:firebase_database] AndroidManifest.xml:13:17-82
129            <meta-data
129-->[:cloud_firestore] AndroidManifest.xml:11:13-13:85
130                android:name="com.google.firebase.components:io.flutter.plugins.firebase.firestore.FlutterFirebaseFirestoreRegistrar"
130-->[:cloud_firestore] AndroidManifest.xml:12:17-134
131                android:value="com.google.firebase.components.ComponentRegistrar" />
131-->[:cloud_firestore] AndroidManifest.xml:13:17-82
132            <meta-data
132-->[:firebase_auth] AndroidManifest.xml:11:13-13:85
133                android:name="com.google.firebase.components:io.flutter.plugins.firebase.auth.FlutterFirebaseAuthRegistrar"
133-->[:firebase_auth] AndroidManifest.xml:12:17-124
134                android:value="com.google.firebase.components.ComponentRegistrar" />
134-->[:firebase_auth] AndroidManifest.xml:13:17-82
135            <meta-data
135-->[:firebase_storage] AndroidManifest.xml:11:13-13:85
136                android:name="com.google.firebase.components:io.flutter.plugins.firebase.storage.FlutterFirebaseAppRegistrar"
136-->[:firebase_storage] AndroidManifest.xml:12:17-126
137                android:value="com.google.firebase.components.ComponentRegistrar" />
137-->[:firebase_storage] AndroidManifest.xml:13:17-82
138            <meta-data
138-->[:firebase_messaging] AndroidManifest.xml:38:13-40:85
139                android:name="com.google.firebase.components:io.flutter.plugins.firebase.messaging.FlutterFirebaseAppRegistrar"
139-->[:firebase_messaging] AndroidManifest.xml:39:17-128
140                android:value="com.google.firebase.components.ComponentRegistrar" />
140-->[:firebase_messaging] AndroidManifest.xml:40:17-82
141            <meta-data
141-->[:firebase_core] AndroidManifest.xml:11:13-13:85
142                android:name="com.google.firebase.components:io.flutter.plugins.firebase.core.FlutterFirebaseCoreRegistrar"
142-->[:firebase_core] AndroidManifest.xml:12:17-124
143                android:value="com.google.firebase.components.ComponentRegistrar" />
143-->[:firebase_core] AndroidManifest.xml:13:17-82
144            <meta-data
144-->[com.google.firebase:firebase-analytics-ktx:21.3.0] AndroidManifest.xml:11:13-13:85
145                android:name="com.google.firebase.components:com.google.firebase.analytics.ktx.FirebaseAnalyticsKtxRegistrar"
145-->[com.google.firebase:firebase-analytics-ktx:21.3.0] AndroidManifest.xml:12:17-126
146                android:value="com.google.firebase.components.ComponentRegistrar" />
146-->[com.google.firebase:firebase-analytics-ktx:21.3.0] AndroidManifest.xml:13:17-82
147            <meta-data
147-->[com.google.firebase:firebase-common-ktx:20.3.3] AndroidManifest.xml:14:13-16:85
148                android:name="com.google.firebase.components:com.google.firebase.ktx.FirebaseCommonKtxRegistrar"
148-->[com.google.firebase:firebase-common-ktx:20.3.3] AndroidManifest.xml:15:17-113
149                android:value="com.google.firebase.components.ComponentRegistrar" />
149-->[com.google.firebase:firebase-common-ktx:20.3.3] AndroidManifest.xml:16:17-82
150            <meta-data
150-->[com.google.firebase:firebase-auth:22.1.0] AndroidManifest.xml:69:13-71:85
151                android:name="com.google.firebase.components:com.google.firebase.auth.FirebaseAuthRegistrar"
151-->[com.google.firebase:firebase-auth:22.1.0] AndroidManifest.xml:70:17-109
152                android:value="com.google.firebase.components.ComponentRegistrar" />
152-->[com.google.firebase:firebase-auth:22.1.0] AndroidManifest.xml:71:17-82
153            <meta-data
153-->[com.google.firebase:firebase-database:20.2.2] AndroidManifest.xml:31:13-33:85
154                android:name="com.google.firebase.components:com.google.firebase.database.DatabaseRegistrar"
154-->[com.google.firebase:firebase-database:20.2.2] AndroidManifest.xml:32:17-109
155                android:value="com.google.firebase.components.ComponentRegistrar" />
155-->[com.google.firebase:firebase-database:20.2.2] AndroidManifest.xml:33:17-82
156            <meta-data
156-->[com.google.firebase:firebase-firestore:24.7.0] AndroidManifest.xml:19:13-21:85
157                android:name="com.google.firebase.components:com.google.firebase.firestore.FirestoreRegistrar"
157-->[com.google.firebase:firebase-firestore:24.7.0] AndroidManifest.xml:20:17-111
158                android:value="com.google.firebase.components.ComponentRegistrar" />
158-->[com.google.firebase:firebase-firestore:24.7.0] AndroidManifest.xml:21:17-82
159            <meta-data
159-->[com.google.firebase:firebase-storage:20.2.1] AndroidManifest.xml:32:13-34:85
160                android:name="com.google.firebase.components:com.google.firebase.storage.StorageRegistrar"
160-->[com.google.firebase:firebase-storage:20.2.1] AndroidManifest.xml:33:17-107
161                android:value="com.google.firebase.components.ComponentRegistrar" />
161-->[com.google.firebase:firebase-storage:20.2.1] AndroidManifest.xml:34:17-82
162            <meta-data
162-->[com.google.firebase:firebase-iid:21.1.0] AndroidManifest.xml:32:13-34:85
163                android:name="com.google.firebase.components:com.google.firebase.iid.Registrar"
163-->[com.google.firebase:firebase-iid:21.1.0] AndroidManifest.xml:33:17-96
164                android:value="com.google.firebase.components.ComponentRegistrar" />
164-->[com.google.firebase:firebase-iid:21.1.0] AndroidManifest.xml:34:17-82
165            <meta-data
165-->[com.google.firebase:firebase-messaging:23.2.0] AndroidManifest.xml:55:13-57:85
166                android:name="com.google.firebase.components:com.google.firebase.messaging.FirebaseMessagingRegistrar"
166-->[com.google.firebase:firebase-messaging:23.2.0] AndroidManifest.xml:56:17-119
167                android:value="com.google.firebase.components.ComponentRegistrar" />
167-->[com.google.firebase:firebase-messaging:23.2.0] AndroidManifest.xml:57:17-82
168            <meta-data
168-->[com.google.android.gms:play-services-measurement-api:21.3.0] AndroidManifest.xml:31:13-33:85
169                android:name="com.google.firebase.components:com.google.firebase.analytics.connector.internal.AnalyticsConnectorRegistrar"
169-->[com.google.android.gms:play-services-measurement-api:21.3.0] AndroidManifest.xml:32:17-139
170                android:value="com.google.firebase.components.ComponentRegistrar" />
170-->[com.google.android.gms:play-services-measurement-api:21.3.0] AndroidManifest.xml:33:17-82
171            <meta-data
171-->[com.google.firebase:firebase-installations:17.1.3] AndroidManifest.xml:17:13-19:85
172                android:name="com.google.firebase.components:com.google.firebase.installations.FirebaseInstallationsRegistrar"
172-->[com.google.firebase:firebase-installations:17.1.3] AndroidManifest.xml:18:17-127
173                android:value="com.google.firebase.components.ComponentRegistrar" />
173-->[com.google.firebase:firebase-installations:17.1.3] AndroidManifest.xml:19:17-82
174            <meta-data
174-->[com.google.firebase:firebase-datatransport:18.1.7] AndroidManifest.xml:27:13-29:85
175                android:name="com.google.firebase.components:com.google.firebase.datatransport.TransportRegistrar"
175-->[com.google.firebase:firebase-datatransport:18.1.7] AndroidManifest.xml:28:17-115
176                android:value="com.google.firebase.components.ComponentRegistrar" />
176-->[com.google.firebase:firebase-datatransport:18.1.7] AndroidManifest.xml:29:17-82
177        </service>
178        <service
178-->[:firebase_messaging] AndroidManifest.xml:16:9-19:72
179            android:name="io.flutter.plugins.firebase.messaging.FlutterFirebaseMessagingBackgroundService"
179-->[:firebase_messaging] AndroidManifest.xml:17:13-107
180            android:exported="false"
180-->[:firebase_messaging] AndroidManifest.xml:18:13-37
181            android:permission="android.permission.BIND_JOB_SERVICE" />
181-->[:firebase_messaging] AndroidManifest.xml:19:13-69
182        <service
182-->[:firebase_messaging] AndroidManifest.xml:20:9-26:19
183            android:name="io.flutter.plugins.firebase.messaging.FlutterFirebaseMessagingService"
183-->[:firebase_messaging] AndroidManifest.xml:21:13-97
184            android:exported="false" >
184-->[:firebase_messaging] AndroidManifest.xml:22:13-37
185            <intent-filter>
185-->[:firebase_messaging] AndroidManifest.xml:23:13-25:29
186                <action android:name="com.google.firebase.MESSAGING_EVENT" />
186-->[:firebase_messaging] AndroidManifest.xml:24:17-78
186-->[:firebase_messaging] AndroidManifest.xml:24:25-75
187            </intent-filter>
188        </service>
189
190        <receiver
190-->[:firebase_messaging] AndroidManifest.xml:28:9-35:20
191            android:name="io.flutter.plugins.firebase.messaging.FlutterFirebaseMessagingReceiver"
191-->[:firebase_messaging] AndroidManifest.xml:29:13-98
192            android:exported="true"
192-->[:firebase_messaging] AndroidManifest.xml:30:13-36
193            android:permission="com.google.android.c2dm.permission.SEND" >
193-->[:firebase_messaging] AndroidManifest.xml:31:13-73
194            <intent-filter>
194-->[:firebase_messaging] AndroidManifest.xml:32:13-34:29
195                <action android:name="com.google.android.c2dm.intent.RECEIVE" />
195-->[:firebase_messaging] AndroidManifest.xml:33:17-81
195-->[:firebase_messaging] AndroidManifest.xml:33:25-78
196            </intent-filter>
197        </receiver>
198
199        <provider
199-->[:firebase_messaging] AndroidManifest.xml:43:9-47:38
200            android:name="io.flutter.plugins.firebase.messaging.FlutterFirebaseMessagingInitProvider"
200-->[:firebase_messaging] AndroidManifest.xml:44:13-102
201            android:authorities="com.teletype.truckchat.flutterfirebasemessaginginitprovider"
201-->[:firebase_messaging] AndroidManifest.xml:45:13-88
202            android:exported="false"
202-->[:firebase_messaging] AndroidManifest.xml:46:13-37
203            android:initOrder="99" />
203-->[:firebase_messaging] AndroidManifest.xml:47:13-35
204        <provider
204-->[:image_picker_android] AndroidManifest.xml:10:9-18:20
205            android:name="io.flutter.plugins.imagepicker.ImagePickerFileProvider"
205-->[:image_picker_android] AndroidManifest.xml:11:13-82
206            android:authorities="com.teletype.truckchat.flutter.image_provider"
206-->[:image_picker_android] AndroidManifest.xml:12:13-74
207            android:exported="false"
207-->[:image_picker_android] AndroidManifest.xml:13:13-37
208            android:grantUriPermissions="true" >
208-->[:image_picker_android] AndroidManifest.xml:14:13-47
209            <meta-data
209-->[:image_picker_android] AndroidManifest.xml:15:13-17:75
210                android:name="android.support.FILE_PROVIDER_PATHS"
210-->[:image_picker_android] AndroidManifest.xml:16:17-67
211                android:resource="@xml/flutter_image_picker_file_paths" />
211-->[:image_picker_android] AndroidManifest.xml:17:17-72
212        </provider>
213
214        <receiver
214-->[:flutter_local_notifications] AndroidManifest.xml:16:9-18:40
215            android:name="com.dexterous.flutterlocalnotifications.ActionBroadcastReceiver"
215-->[:flutter_local_notifications] AndroidManifest.xml:17:13-91
216            android:exported="false" />
216-->[:flutter_local_notifications] AndroidManifest.xml:18:13-37
217        <receiver
217-->[:flutter_local_notifications] AndroidManifest.xml:19:9-21:40
218            android:name="com.dexterous.flutterlocalnotifications.ScheduledNotificationReceiver"
218-->[:flutter_local_notifications] AndroidManifest.xml:20:13-97
219            android:exported="false" />
219-->[:flutter_local_notifications] AndroidManifest.xml:21:13-37
220        <receiver
220-->[:flutter_local_notifications] AndroidManifest.xml:22:9-31:20
221            android:name="com.dexterous.flutterlocalnotifications.ScheduledNotificationBootReceiver"
221-->[:flutter_local_notifications] AndroidManifest.xml:23:13-101
222            android:exported="false" >
222-->[:flutter_local_notifications] AndroidManifest.xml:24:13-37
223            <intent-filter>
223-->[:flutter_local_notifications] AndroidManifest.xml:25:13-30:29
224                <action android:name="android.intent.action.BOOT_COMPLETED" />
224-->[:flutter_local_notifications] AndroidManifest.xml:26:17-79
224-->[:flutter_local_notifications] AndroidManifest.xml:26:25-76
225                <action android:name="android.intent.action.MY_PACKAGE_REPLACED" />
225-->[:flutter_local_notifications] AndroidManifest.xml:27:17-84
225-->[:flutter_local_notifications] AndroidManifest.xml:27:25-81
226                <action android:name="android.intent.action.QUICKBOOT_POWERON" />
226-->[:flutter_local_notifications] AndroidManifest.xml:28:17-82
226-->[:flutter_local_notifications] AndroidManifest.xml:28:25-79
227                <action android:name="com.htc.intent.action.QUICKBOOT_POWERON" />
227-->[:flutter_local_notifications] AndroidManifest.xml:29:17-82
227-->[:flutter_local_notifications] AndroidManifest.xml:29:25-79
228            </intent-filter>
229        </receiver>
230
231        <activity
231-->[:url_launcher_android] AndroidManifest.xml:10:9-13:74
232            android:name="io.flutter.plugins.urllauncher.WebViewActivity"
232-->[:url_launcher_android] AndroidManifest.xml:11:13-74
233            android:exported="false"
233-->[:url_launcher_android] AndroidManifest.xml:12:13-37
234            android:theme="@android:style/Theme.NoTitleBar.Fullscreen" />
234-->[:url_launcher_android] AndroidManifest.xml:13:13-71
235
236        <meta-data
236-->[:google_mobile_ads] AndroidManifest.xml:12:9-14:36
237            android:name="io.flutter.embedded_views_preview"
237-->[:google_mobile_ads] AndroidManifest.xml:13:13-61
238            android:value="true" />
238-->[:google_mobile_ads] AndroidManifest.xml:14:13-33
239
240        <activity
240-->[:flutter_inappwebview] AndroidManifest.xml:16:9-20:47
241            android:name="com.pichillilorenzo.flutter_inappwebview.in_app_browser.InAppBrowserActivity"
241-->[:flutter_inappwebview] AndroidManifest.xml:17:13-104
242            android:configChanges="orientation|keyboardHidden|keyboard|screenSize|locale|layoutDirection|fontScale|screenLayout|density"
242-->[:flutter_inappwebview] AndroidManifest.xml:18:13-137
243            android:exported="false"
243-->[:flutter_inappwebview] AndroidManifest.xml:19:13-37
244            android:theme="@style/AppTheme" />
244-->[:flutter_inappwebview] AndroidManifest.xml:20:13-44
245        <activity
245-->[:flutter_inappwebview] AndroidManifest.xml:21:9-24:55
246            android:name="com.pichillilorenzo.flutter_inappwebview.chrome_custom_tabs.ChromeCustomTabsActivity"
246-->[:flutter_inappwebview] AndroidManifest.xml:22:13-112
247            android:exported="false"
247-->[:flutter_inappwebview] AndroidManifest.xml:23:13-37
248            android:theme="@style/ThemeTransparent" />
248-->[:flutter_inappwebview] AndroidManifest.xml:24:13-52
249        <activity
249-->[:flutter_inappwebview] AndroidManifest.xml:25:9-28:55
250            android:name="com.pichillilorenzo.flutter_inappwebview.chrome_custom_tabs.TrustedWebActivity"
250-->[:flutter_inappwebview] AndroidManifest.xml:26:13-106
251            android:exported="false"
251-->[:flutter_inappwebview] AndroidManifest.xml:27:13-37
252            android:theme="@style/ThemeTransparent" />
252-->[:flutter_inappwebview] AndroidManifest.xml:28:13-52
253        <activity
253-->[:flutter_inappwebview] AndroidManifest.xml:29:9-33:55
254            android:name="com.pichillilorenzo.flutter_inappwebview.chrome_custom_tabs.ChromeCustomTabsActivitySingleInstance"
254-->[:flutter_inappwebview] AndroidManifest.xml:30:13-126
255            android:exported="false"
255-->[:flutter_inappwebview] AndroidManifest.xml:31:13-37
256            android:launchMode="singleInstance"
256-->[:flutter_inappwebview] AndroidManifest.xml:32:13-48
257            android:theme="@style/ThemeTransparent" />
257-->[:flutter_inappwebview] AndroidManifest.xml:33:13-52
258        <activity
258-->[:flutter_inappwebview] AndroidManifest.xml:34:9-38:55
259            android:name="com.pichillilorenzo.flutter_inappwebview.chrome_custom_tabs.TrustedWebActivitySingleInstance"
259-->[:flutter_inappwebview] AndroidManifest.xml:35:13-120
260            android:exported="false"
260-->[:flutter_inappwebview] AndroidManifest.xml:36:13-37
261            android:launchMode="singleInstance"
261-->[:flutter_inappwebview] AndroidManifest.xml:37:13-48
262            android:theme="@style/ThemeTransparent" />
262-->[:flutter_inappwebview] AndroidManifest.xml:38:13-52
263
264        <receiver
264-->[:flutter_inappwebview] AndroidManifest.xml:40:9-43:40
265            android:name="com.pichillilorenzo.flutter_inappwebview.chrome_custom_tabs.ActionBroadcastReceiver"
265-->[:flutter_inappwebview] AndroidManifest.xml:41:13-111
266            android:enabled="true"
266-->[:flutter_inappwebview] AndroidManifest.xml:42:13-35
267            android:exported="false" />
267-->[:flutter_inappwebview] AndroidManifest.xml:43:13-37
268
269        <service
269-->[:location] AndroidManifest.xml:13:9-17:56
270            android:name="com.lyokone.location.FlutterLocationService"
270-->[:location] AndroidManifest.xml:14:13-71
271            android:enabled="true"
271-->[:location] AndroidManifest.xml:15:13-35
272            android:exported="false"
272-->[:location] AndroidManifest.xml:16:13-37
273            android:foregroundServiceType="location" />
273-->[:location] AndroidManifest.xml:17:13-53
274
275        <activity
275-->[com.google.firebase:firebase-auth:22.1.0] AndroidManifest.xml:29:9-46:20
276            android:name="com.google.firebase.auth.internal.GenericIdpActivity"
276-->[com.google.firebase:firebase-auth:22.1.0] AndroidManifest.xml:30:13-80
277            android:excludeFromRecents="true"
277-->[com.google.firebase:firebase-auth:22.1.0] AndroidManifest.xml:31:13-46